Client/build/app/intermediates/manifest_merge_blame_file/debug/manifest-merger-blame-debug-report.txt
1<?xml version="1.0" encoding="utf-8"?>
2<manifest xmlns:android="http://schemas.android.com/apk/res/android"
3    package="com.thealphamerc.flutter_twitter_clone"
4    android:versionCode="11"
5    android:versionName="1.0.6" >
6
7    <uses-sdk
8        android:minSdkVersion="16"
9        android:targetSdkVersion="29" />
10    <!--
11         Flutter needs it to communicate with the running application
12         to allow setting breakpoints, to provide hot reload, etc.
13    -->
14    <uses-permission android:name="android.permission.INTERNET" />
14-->src\main\AndroidManifest.xml:9:5-66
14-->src\main\AndroidManifest.xml:9:22-64
15    <uses-permission android:name="android.permission.READ_EXTERNAL_STORAGE" />
15-->[:image_picker] AndroidManifest.xml:7:5-80
15-->[:image_picker] AndroidManifest.xml:7:22-77
16    <uses-permission android:name="android.permission.WRITE_EXTERNAL_STORAGE" />
16-->[:image_picker] AndroidManifest.xml:8:5-81
16-->[:image_picker] AndroidManifest.xml:8:22-78
17    <uses-permission android:name="android.permission.ACCESS_NETWORK_STATE" />
17-->[:firebase_analytics] AndroidManifest.xml:7:5-79
17-->[:firebase_analytics] AndroidManifest.xml:7:22-76
18    <uses-permission android:name="android.permission.WAKE_LOCK" /> <!-- Required by older versions of Google Play services to create IID tokens -->
18-->[:firebase_analytics] AndroidManifest.xml:9:5-68
18-->[:firebase_analytics] AndroidManifest.xml:9:22-65
19    <uses-permission android:name="com.google.android.c2dm.permission.RECEIVE" />
19-->[com.google.firebase:firebase-iid:21.0.1] AndroidManifest.xml:26:5-82
19-->[com.google.firebase:firebase-iid:21.0.1] AndroidManifest.xml:26:22-79
20    <uses-permission android:name="com.google.android.finsky.permission.BIND_GET_INSTALL_REFERRER_SERVICE" />
20-->[com.google.android.gms:play-services-measurement:18.0.0] AndroidManifest.xml:26:5-110
20-->[com.google.android.gms:play-services-measurement:18.0.0] AndroidManifest.xml:26:22-107
21
22    <application
22-->src\main\AndroidManifest.xml:10:6-48:19
23        android:name="io.flutter.app.FlutterApplication"
23-->src\main\AndroidManifest.xml:11:9-57
24        android:appComponentFactory="androidx.core.app.CoreComponentFactory"
24-->[androidx.core:core:1.3.1] AndroidManifest.xml:24:18-86
25        android:debuggable="true"
26        android:icon="@mipmap/ic_launcher"
26-->src\main\AndroidManifest.xml:13:9-43
27        android:label="Fwitter" >
27-->src\main\AndroidManifest.xml:12:9-32
28        <activity
28-->src\main\AndroidManifest.xml:14:9-42:20
29            android:name="com.thealphamerc.flutter_twitter_clone.MainActivity"
29-->src\main\AndroidManifest.xml:15:13-41
30            android:configChanges="orientation|keyboardHidden|keyboard|screenSize|smallestScreenSize|locale|layoutDirection|fontScale|screenLayout|density|uiMode"
30-->src\main\AndroidManifest.xml:18:13-163
31            android:hardwareAccelerated="true"
31-->src\main\AndroidManifest.xml:19:13-47
32            android:launchMode="singleTop"
32-->src\main\AndroidManifest.xml:16:13-43
33            android:theme="@style/LaunchTheme"
33-->src\main\AndroidManifest.xml:17:13-47
34            android:windowSoftInputMode="adjustResize" >
34-->src\main\AndroidManifest.xml:20:13-55
35
36            <!--
37                  Specifies an Android theme to apply to this Activity as soon as
38                 the Android process has started. This theme is visible to the user
39                 while the Flutter UI initializes. After that, this theme continues
40                 to determine the Window background behind the Flutter UI.
41            -->
42            <meta-data
42-->src\main\AndroidManifest.xml:25:13-28:17
43                android:name="io.flutter.embedding.android.NormalTheme"
43-->src\main\AndroidManifest.xml:26:15-70
44                android:resource="@style/NormalTheme" />
44-->src\main\AndroidManifest.xml:27:15-52
45            <!--
46                 Displays an Android View that continues showing the launch screen
47                 Drawable until Flutter paints its first frame, then this splash
48                 screen fades out. A splash screen is useful to avoid any visual
49                 gap between the end of Android's launch screen and the painting of
50                 Flutter's first frame.
51            -->
52            <meta-data
52-->src\main\AndroidManifest.xml:34:13-37:17
53                android:name="io.flutter.embedding.android.SplashScreenDrawable"
53-->src\main\AndroidManifest.xml:35:15-79
54                android:resource="@drawable/launch_background" />
54-->src\main\AndroidManifest.xml:36:15-61
55
56            <intent-filter>
56-->src\main\AndroidManifest.xml:38:13-41:29
57                <action android:name="android.intent.action.MAIN" />
57-->src\main\AndroidManifest.xml:39:17-68
57-->src\main\AndroidManifest.xml:39:25-66
58
59                <category android:name="android.intent.category.LAUNCHER" />
59-->src\main\AndroidManifest.xml:40:17-76
59-->src\main\AndroidManifest.xml:40:27-74
60            </intent-filter>
61        </activity>
62        <!--
63             Don't delete the meta-data below.
64             This is used by the Flutter tool to generate GeneratedPluginRegistrant.java
65        -->
66        <meta-data
66-->src\main\AndroidManifest.xml:45:9-47:33
67            android:name="flutterEmbedding"
67-->src\main\AndroidManifest.xml:46:13-44
68            android:value="2" />
68-->src\main\AndroidManifest.xml:47:13-30
69
70        <provider
70-->[:image_picker] AndroidManifest.xml:11:9-19:20
71            android:name="io.flutter.plugins.imagepicker.ImagePickerFileProvider"
71-->[:image_picker] AndroidManifest.xml:12:13-82
72            android:authorities="com.thealphamerc.flutter_twitter_clone.flutter.image_provider"
72-->[:image_picker] AndroidManifest.xml:13:13-74
73            android:exported="false"
73-->[:image_picker] AndroidManifest.xml:14:13-37
74            android:grantUriPermissions="true" >
74-->[:image_picker] AndroidManifest.xml:15:13-47
75            <meta-data
75-->[:image_picker] AndroidManifest.xml:16:13-18:75
76                android:name="android.support.FILE_PROVIDER_PATHS"
76-->[:image_picker] AndroidManifest.xml:17:17-67
77                android:resource="@xml/flutter_image_picker_file_paths" />
77-->[:image_picker] AndroidManifest.xml:18:17-72
78        </provider>
79
80        <service
80-->[:cloud_firestore] AndroidManifest.xml:8:9-12:19
81            android:name="com.google.firebase.components.ComponentDiscoveryService"
81-->[:cloud_firestore] AndroidManifest.xml:8:18-89
82            android:directBootAware="true"
82-->[com.google.firebase:firebase-common:19.5.0] AndroidManifest.xml:35:13-43
83            android:exported="false" >
83-->[com.google.firebase:firebase-auth:20.0.1] AndroidManifest.xml:76:13-37
84            <meta-data
84-->[:cloud_firestore] AndroidManifest.xml:9:13-11:85
85                android:name="com.google.firebase.components:io.flutter.plugins.firebase.firestore.FlutterFirebaseFirestoreRegistrar"
85-->[:cloud_firestore] AndroidManifest.xml:10:17-134
86                android:value="com.google.firebase.components.ComponentRegistrar" />
86-->[:cloud_firestore] AndroidManifest.xml:11:17-82
87            <meta-data
87-->[:firebase_remote_config] AndroidManifest.xml:9:13-11:85
88                android:name="com.google.firebase.components:io.flutter.plugins.firebase.firebaseremoteconfig.FlutterFirebaseAppRegistrar"
88-->[:firebase_remote_config] AndroidManifest.xml:10:17-139
89                android:value="com.google.firebase.components.ComponentRegistrar" />
89-->[:firebase_remote_config] AndroidManifest.xml:11:17-82
90            <meta-data
90-->[:firebase_auth] AndroidManifest.xml:9:13-11:85
91                android:name="com.google.firebase.components:io.flutter.plugins.firebase.auth.FlutterFirebaseAuthRegistrar"
91-->[:firebase_auth] AndroidManifest.xml:10:17-124
92                android:value="com.google.firebase.components.ComponentRegistrar" />
92-->[:firebase_auth] AndroidManifest.xml:11:17-82
93            <meta-data
93-->[:firebase_database] AndroidManifest.xml:9:13-11:85
94                android:name="com.google.firebase.components:io.flutter.plugins.firebase.database.FlutterFirebaseAppRegistrar"
94-->[:firebase_database] AndroidManifest.xml:10:17-127
95                android:value="com.google.firebase.components.ComponentRegistrar" />
95-->[:firebase_database] AndroidManifest.xml:11:17-82
96            <meta-data
96-->[:firebase_storage] AndroidManifest.xml:9:13-11:85
97                android:name="com.google.firebase.components:io.flutter.plugins.firebase.storage.FlutterFirebaseAppRegistrar"
97-->[:firebase_storage] AndroidManifest.xml:10:17-126
98                android:value="com.google.firebase.components.ComponentRegistrar" />
98-->[:firebase_storage] AndroidManifest.xml:11:17-82
99            <meta-data
99-->[:firebase_messaging] AndroidManifest.xml:14:13-16:85
100                android:name="com.google.firebase.components:io.flutter.plugins.firebasemessaging.FlutterFirebaseAppRegistrar"
100-->[:firebase_messaging] AndroidManifest.xml:15:17-127
101                android:value="com.google.firebase.components.ComponentRegistrar" />
101-->[:firebase_messaging] AndroidManifest.xml:16:17-82
102            <meta-data
102-->[:firebase_dynamic_links] AndroidManifest.xml:11:13-13:85
103                android:name="com.google.firebase.components:io.flutter.plugins.firebasedynamiclinks.FlutterFirebaseAppRegistrar"
103-->[:firebase_dynamic_links] AndroidManifest.xml:12:17-130
104                android:value="com.google.firebase.components.ComponentRegistrar" />
104-->[:firebase_dynamic_links] AndroidManifest.xml:13:17-82
105            <meta-data
105-->[:firebase_analytics] AndroidManifest.xml:13:13-15:85
106                android:name="com.google.firebase.components:io.flutter.plugins.firebaseanalytics.FlutterFirebaseAppRegistrar"
106-->[:firebase_analytics] AndroidManifest.xml:14:17-127
107                android:value="com.google.firebase.components.ComponentRegistrar" />
107-->[:firebase_analytics] AndroidManifest.xml:15:17-82
108            <meta-data
108-->[:firebase_core] AndroidManifest.xml:9:13-11:85
109                android:name="com.google.firebase.components:io.flutter.plugins.firebase.core.FlutterFirebaseCoreRegistrar"
109-->[:firebase_core] AndroidManifest.xml:10:17-124
110                android:value="com.google.firebase.components.ComponentRegistrar" />
110-->[:firebase_core] AndroidManifest.xml:11:17-82
111            <meta-data
111-->[com.google.firebase:firebase-auth:20.0.1] AndroidManifest.xml:77:13-79:85
112                android:name="com.google.firebase.components:com.google.firebase.auth.FirebaseAuthRegistrar"
112-->[com.google.firebase:firebase-auth:20.0.1] AndroidManifest.xml:78:17-109
113                android:value="com.google.firebase.components.ComponentRegistrar" />
113-->[com.google.firebase:firebase-auth:20.0.1] AndroidManifest.xml:79:17-82
114            <meta-data
114-->[com.google.firebase:firebase-firestore:22.0.1] AndroidManifest.xml:20:13-22:85
115                android:name="com.google.firebase.components:com.google.firebase.firestore.FirestoreRegistrar"
115-->[com.google.firebase:firebase-firestore:22.0.1] AndroidManifest.xml:21:17-111
116                android:value="com.google.firebase.components.ComponentRegistrar" />
116-->[com.google.firebase:firebase-firestore:22.0.1] AndroidManifest.xml:22:17-82
117            <meta-data
117-->[com.google.firebase:firebase-dynamic-links:19.1.1] AndroidManifest.xml:11:13-13:85
118                android:name="com.google.firebase.components:com.google.firebase.dynamiclinks.internal.FirebaseDynamicLinkRegistrar"
118-->[com.google.firebase:firebase-dynamic-links:19.1.1] AndroidManifest.xml:12:17-133
119                android:value="com.google.firebase.components.ComponentRegistrar" />
119-->[com.google.firebase:firebase-dynamic-links:19.1.1] AndroidManifest.xml:13:17-82
120            <meta-data
120-->[com.google.firebase:firebase-storage:19.2.1] AndroidManifest.xml:33:13-35:85
121                android:name="com.google.firebase.components:com.google.firebase.storage.StorageRegistrar"
121-->[com.google.firebase:firebase-storage:19.2.1] AndroidManifest.xml:34:17-107
122                android:value="com.google.firebase.components.ComponentRegistrar" />
122-->[com.google.firebase:firebase-storage:19.2.1] AndroidManifest.xml:35:17-82
123            <meta-data
123-->[com.google.firebase:firebase-database:19.6.0] AndroidManifest.xml:32:13-34:85
124                android:name="com.google.firebase.components:com.google.firebase.database.DatabaseRegistrar"
124-->[com.google.firebase:firebase-database:19.6.0] AndroidManifest.xml:33:17-109
125                android:value="com.google.firebase.components.ComponentRegistrar" />
125-->[com.google.firebase:firebase-database:19.6.0] AndroidManifest.xml:34:17-82
126            <meta-data
126-->[com.google.firebase:firebase-messaging:21.0.1] AndroidManifest.xml:39:13-41:85
127                android:name="com.google.firebase.components:com.google.firebase.messaging.FirebaseMessagingRegistrar"
127-->[com.google.firebase:firebase-messaging:21.0.1] AndroidManifest.xml:40:17-119
128                android:value="com.google.firebase.components.ComponentRegistrar" />
128-->[com.google.firebase:firebase-messaging:21.0.1] AndroidManifest.xml:41:17-82
129            <meta-data
129-->[com.google.firebase:firebase-iid:21.0.1] AndroidManifest.xml:32:13-34:85
130                android:name="com.google.firebase.components:com.google.firebase.iid.Registrar"
130-->[com.google.firebase:firebase-iid:21.0.1] AndroidManifest.xml:33:17-96
131                android:value="com.google.firebase.components.ComponentRegistrar" />
131-->[com.google.firebase:firebase-iid:21.0.1] AndroidManifest.xml:34:17-82
132            <meta-data
132-->[com.google.firebase:firebase-config:20.0.2] AndroidManifest.xml:32:13-34:85
133                android:name="com.google.firebase.components:com.google.firebase.remoteconfig.RemoteConfigRegistrar"
133-->[com.google.firebase:firebase-config:20.0.2] AndroidManifest.xml:33:17-117
134                android:value="com.google.firebase.components.ComponentRegistrar" />
134-->[com.google.firebase:firebase-config:20.0.2] AndroidManifest.xml:34:17-82
135            <meta-data
135-->[com.google.android.gms:play-services-measurement-api:18.0.0] AndroidManifest.xml:30:13-32:85
136                android:name="com.google.firebase.components:com.google.firebase.analytics.connector.internal.AnalyticsConnectorRegistrar"
136-->[com.google.android.gms:play-services-measurement-api:18.0.0] AndroidManifest.xml:31:17-139
137                android:value="com.google.firebase.components.ComponentRegistrar" />
137-->[com.google.android.gms:play-services-measurement-api:18.0.0] AndroidManifest.xml:32:17-82
138            <meta-data
138-->[com.google.firebase:firebase-abt:20.0.0] AndroidManifest.xml:13:13-15:85
139                android:name="com.google.firebase.components:com.google.firebase.abt.component.AbtRegistrar"
139-->[com.google.firebase:firebase-abt:20.0.0] AndroidManifest.xml:14:17-109
140                android:value="com.google.firebase.components.ComponentRegistrar" />
140-->[com.google.firebase:firebase-abt:20.0.0] AndroidManifest.xml:15:17-82
141            <meta-data
141-->[com.google.firebase:firebase-installations:16.3.5] AndroidManifest.xml:18:13-20:85
142                android:name="com.google.firebase.components:com.google.firebase.installations.FirebaseInstallationsRegistrar"
142-->[com.google.firebase:firebase-installations:16.3.5] AndroidManifest.xml:19:17-127
143                android:value="com.google.firebase.components.ComponentRegistrar" />
143-->[com.google.firebase:firebase-installations:16.3.5] AndroidManifest.xml:20:17-82
144            <meta-data
144-->[com.google.firebase:firebase-datatransport:17.0.10] AndroidManifest.xml:28:13-30:85
145                android:name="com.google.firebase.components:com.google.firebase.datatransport.TransportRegistrar"
145-->[com.google.firebase:firebase-datatransport:17.0.10] AndroidManifest.xml:29:17-115
146                android:value="com.google.firebase.components.ComponentRegistrar" />
146-->[com.google.firebase:firebase-datatransport:17.0.10] AndroidManifest.xml:30:17-82
147            <!--
148                This registrar is not defined in the dynamic-module-support sdk itself to allow non-firebase
149                clients to use it as well, by defining this registrar in their own core/common library.
150            -->
151            <meta-data
151-->[com.google.firebase:firebase-common:19.5.0] AndroidManifest.xml:43:13-45:85
152                android:name="com.google.firebase.components:com.google.firebase.dynamicloading.DynamicLoadingRegistrar"
152-->[com.google.firebase:firebase-common:19.5.0] AndroidManifest.xml:44:17-121
153                android:value="com.google.firebase.components.ComponentRegistrar" />
153-->[com.google.firebase:firebase-common:19.5.0] AndroidManifest.xml:45:17-82
154        </service>
155        <service android:name="io.flutter.plugins.firebasemessaging.FlutterFirebaseMessagingService" >
155-->[:firebase_messaging] AndroidManifest.xml:8:9-12:19
155-->[:firebase_messaging] AndroidManifest.xml:8:18-101
156            <intent-filter>
156-->[:firebase_messaging] AndroidManifest.xml:9:13-11:29
157                <action android:name="com.google.firebase.MESSAGING_EVENT" />
157-->[:firebase_messaging] AndroidManifest.xml:10:17-78
157-->[:firebase_messaging] AndroidManifest.xml:10:25-75
158            </intent-filter>
159        </service>
160
161        <provider
161-->[:share] AndroidManifest.xml:8:9-16:20
162            android:name="io.flutter.plugins.share.ShareFileProvider"
162-->[:share] AndroidManifest.xml:9:13-70
163            android:authorities="com.thealphamerc.flutter_twitter_clone.flutter.share_provider"
163-->[:share] AndroidManifest.xml:10:13-74
164            android:exported="false"
164-->[:share] AndroidManifest.xml:11:13-37
165            android:grantUriPermissions="true" >
165-->[:share] AndroidManifest.xml:12:13-47
166            <meta-data
166-->[:image_picker] AndroidManifest.xml:16:13-18:75
167                android:name="android.support.FILE_PROVIDER_PATHS"
167-->[:image_picker] AndroidManifest.xml:17:17-67
168                android:resource="@xml/flutter_share_file_paths" />
168-->[:image_picker] AndroidManifest.xml:18:17-72
169        </provider>
170
171        <activity
171-->[:url_launcher] AndroidManifest.xml:8:9-11:74
172            android:name="io.flutter.plugins.urllauncher.WebViewActivity"
172-->[:url_launcher] AndroidManifest.xml:9:13-74
173            android:exported="false"
173-->[:url_launcher] AndroidManifest.xml:10:13-37
174            android:theme="@android:style/Theme.NoTitleBar.Fullscreen" />
174-->[:url_launcher] AndroidManifest.xml:11:13-71
175        <activity
175-->[com.google.firebase:firebase-auth:20.0.1] AndroidManifest.xml:27:9-44:20
176            android:name="com.google.firebase.auth.internal.GenericIdpActivity"
176-->[com.google.firebase:firebase-auth:20.0.1] AndroidManifest.xml:28:13-80
177            android:excludeFromRecents="true"
177-->[com.google.firebase:firebase-auth:20.0.1] AndroidManifest.xml:29:13-46
178            android:exported="true"
178-->[com.google.firebase:firebase-auth:20.0.1] AndroidManifest.xml:30:13-36
179            android:launchMode="singleTask"
179-->[com.google.firebase:firebase-auth:20.0.1] AndroidManifest.xml:31:13-44
180            android:theme="@android:style/Theme.Translucent.NoTitleBar" >
180-->[com.google.firebase:firebase-auth:20.0.1] AndroidManifest.xml:32:13-72
181            <intent-filter>
181-->[com.google.firebase:firebase-auth:20.0.1] AndroidManifest.xml:33:13-43:29
182                <action android:name="android.intent.action.VIEW" />
182-->[com.google.firebase:firebase-auth:20.0.1] AndroidManifest.xml:34:17-69
182-->[com.google.firebase:firebase-auth:20.0.1] AndroidManifest.xml:34:25-66
183
184                <category android:name="android.intent.category.DEFAULT" />
184-->[com.google.firebase:firebase-auth:20.0.1] AndroidManifest.xml:36:17-76
184-->[com.google.firebase:firebase-auth:20.0.1] AndroidManifest.xml:36:27-73
185                <category android:name="android.intent.category.BROWSABLE" />
185-->[com.google.firebase:firebase-auth:20.0.1] AndroidManifest.xml:37:17-78
185-->[com.google.firebase:firebase-auth:20.0.1] AndroidManifest.xml:37:27-75
186
187                <data
187-->[com.google.firebase:firebase-auth:20.0.1] AndroidManifest.xml:39:17-42:51
188                    android:host="firebase.auth"
188-->[com.google.firebase:firebase-auth:20.0.1] AndroidManifest.xml:40:21-49
189                    android:path="/"
189-->[com.google.firebase:firebase-auth:20.0.1] AndroidManifest.xml:41:21-37
190                    android:scheme="genericidp" />
190-->[com.google.firebase:firebase-auth:20.0.1] AndroidManifest.xml:42:21-48
191            </intent-filter>
192        </activity>
193        <activity
193-->[com.google.firebase:firebase-auth:20.0.1] AndroidManifest.xml:45:9-62:20
194            android:name="com.google.firebase.auth.internal.RecaptchaActivity"
194-->[com.google.firebase:firebase-auth:20.0.1] AndroidManifest.xml:46:13-79
195            android:excludeFromRecents="true"
195-->[com.google.firebase:firebase-auth:20.0.1] AndroidManifest.xml:47:13-46
196            android:exported="true"
196-->[com.google.firebase:firebase-auth:20.0.1] AndroidManifest.xml:48:13-36
197            android:launchMode="singleTask"
197-->[com.google.firebase:firebase-auth:20.0.1] AndroidManifest.xml:49:13-44
198            android:theme="@android:style/Theme.Translucent.NoTitleBar" >
198-->[com.google.firebase:firebase-auth:20.0.1] AndroidManifest.xml:50:13-72
199            <intent-filter>
199-->[com.google.firebase:firebase-auth:20.0.1] AndroidManifest.xml:51:13-61:29
200                <action android:name="android.intent.action.VIEW" />
200-->[com.google.firebase:firebase-auth:20.0.1] AndroidManifest.xml:34:17-69
200-->[com.google.firebase:firebase-auth:20.0.1] AndroidManifest.xml:34:25-66
201
202                <category android:name="android.intent.category.DEFAULT" />
202-->[com.google.firebase:firebase-auth:20.0.1] AndroidManifest.xml:36:17-76
202-->[com.google.firebase:firebase-auth:20.0.1] AndroidManifest.xml:36:27-73
203                <category android:name="android.intent.category.BROWSABLE" />
203-->[com.google.firebase:firebase-auth:20.0.1] AndroidManifest.xml:37:17-78
203-->[com.google.firebase:firebase-auth:20.0.1] AndroidManifest.xml:37:27-75
204
205                <data
205-->[com.google.firebase:firebase-auth:20.0.1] AndroidManifest.xml:39:17-42:51
206                    android:host="firebase.auth"
206-->[com.google.firebase:firebase-auth:20.0.1] AndroidManifest.xml:40:21-49
207                    android:path="/"
207-->[com.google.firebase:firebase-auth:20.0.1] AndroidManifest.xml:41:21-37
208                    android:scheme="recaptcha" />
208-->[com.google.firebase:firebase-auth:20.0.1] AndroidManifest.xml:42:21-48
209            </intent-filter>
210        </activity>
211
212        <service
212-->[com.google.firebase:firebase-auth:20.0.1] AndroidManifest.xml:64:9-73:19
213            android:name="com.google.firebase.auth.api.fallback.service.FirebaseAuthFallbackService"
213-->[com.google.firebase:firebase-auth:20.0.1] AndroidManifest.xml:65:13-101
214            android:enabled="true"
214-->[com.google.firebase:firebase-auth:20.0.1] AndroidManifest.xml:66:13-35
215            android:exported="false" >
215-->[com.google.firebase:firebase-auth:20.0.1] AndroidManifest.xml:67:13-37
216            <intent-filter>
216-->[com.google.firebase:firebase-auth:20.0.1] AndroidManifest.xml:68:13-72:29
217                <action android:name="com.google.firebase.auth.api.gms.service.START" />
217-->[com.google.firebase:firebase-auth:20.0.1] AndroidManifest.xml:69:17-89
217-->[com.google.firebase:firebase-auth:20.0.1] AndroidManifest.xml:69:25-86
218
219                <category android:name="android.intent.category.DEFAULT" />
219-->[com.google.firebase:firebase-auth:20.0.1] AndroidManifest.xml:36:17-76
219-->[com.google.firebase:firebase-auth:20.0.1] AndroidManifest.xml:36:27-73
220            </intent-filter>
221        </service>
222
223        <activity
223-->[com.google.android.gms:play-services-auth:16.0.1] AndroidManifest.xml:23:9-27:75
224            android:name="com.google.android.gms.auth.api.signin.internal.SignInHubActivity"
224-->[com.google.android.gms:play-services-auth:16.0.1] AndroidManifest.xml:24:13-93
225            android:excludeFromRecents="true"
225-->[com.google.android.gms:play-services-auth:16.0.1] AndroidManifest.xml:25:13-46
226            android:exported="false"
226-->[com.google.android.gms:play-services-auth:16.0.1] AndroidManifest.xml:26:13-37
227            android:theme="@android:style/Theme.Translucent.NoTitleBar" />
227-->[com.google.android.gms:play-services-auth:16.0.1] AndroidManifest.xml:27:13-72
228        <!--
229            Service handling Google Sign-In user revocation. For apps that do not integrate with
230            Google Sign-In, this service will never be started.
231        -->
232        <service
232-->[com.google.android.gms:play-services-auth:16.0.1] AndroidManifest.xml:33:9-36:110
233            android:name="com.google.android.gms.auth.api.signin.RevocationBoundService"
233-->[com.google.android.gms:play-services-auth:16.0.1] AndroidManifest.xml:34:13-89
234            android:exported="true"
234-->[com.google.android.gms:play-services-auth:16.0.1] AndroidManifest.xml:35:13-36
235            android:permission="com.google.android.gms.auth.api.signin.permission.REVOCATION_NOTIFICATION" />
235-->[com.google.android.gms:play-services-auth:16.0.1] AndroidManifest.xml:36:13-107
236        <!--
237             FirebaseMessagingService performs security checks at runtime,
238             but set to not exported to explicitly avoid allowing another app to call it.
239        -->
240        <service
240-->[com.google.firebase:firebase-messaging:21.0.1] AndroidManifest.xml:28:9-35:19
241            android:name="com.google.firebase.messaging.FirebaseMessagingService"
241-->[com.google.firebase:firebase-messaging:21.0.1] AndroidManifest.xml:29:13-82
242            android:directBootAware="true"
242-->[com.google.firebase:firebase-messaging:21.0.1] AndroidManifest.xml:30:13-43
243            android:exported="false" >
243-->[com.google.firebase:firebase-messaging:21.0.1] AndroidManifest.xml:31:13-37
244            <intent-filter android:priority="-500" >
244-->[:firebase_messaging] AndroidManifest.xml:9:13-11:29
245                <action android:name="com.google.firebase.MESSAGING_EVENT" />
245-->[:firebase_messaging] AndroidManifest.xml:10:17-78
245-->[:firebase_messaging] AndroidManifest.xml:10:25-75
246            </intent-filter>
247        </service>
248
249        <receiver
249-->[com.google.firebase:firebase-iid:21.0.1] AndroidManifest.xml:37:9-44:20
250            android:name="com.google.firebase.iid.FirebaseInstanceIdReceiver"
250-->[com.google.firebase:firebase-iid:21.0.1] AndroidManifest.xml:38:13-78
251            android:exported="true"
251-->[com.google.firebase:firebase-iid:21.0.1] AndroidManifest.xml:39:13-36
252            android:permission="com.google.android.c2dm.permission.SEND" >
252-->[com.google.firebase:firebase-iid:21.0.1] AndroidManifest.xml:40:13-73
253            <intent-filter>
253-->[com.google.firebase:firebase-iid:21.0.1] AndroidManifest.xml:41:13-43:29
254                <action android:name="com.google.android.c2dm.intent.RECEIVE" />
254-->[com.google.firebase:firebase-iid:21.0.1] AndroidManifest.xml:42:17-81
254-->[com.google.firebase:firebase-iid:21.0.1] AndroidManifest.xml:42:25-78
255            </intent-filter>
256        </receiver>
257
258        <activity
258-->[com.google.android.gms:play-services-base:17.1.0] AndroidManifest.xml:23:9-26:75
259            android:name="com.google.android.gms.common.api.GoogleApiActivity"
259-->[com.google.android.gms:play-services-base:17.1.0] AndroidManifest.xml:24:13-79
260            android:exported="false"
260-->[com.google.android.gms:play-services-base:17.1.0] AndroidManifest.xml:25:13-37
261            android:theme="@android:style/Theme.Translucent.NoTitleBar" />
261-->[com.google.android.gms:play-services-base:17.1.0] AndroidManifest.xml:26:13-72
262
263        <provider
263-->[com.google.firebase:firebase-common:19.5.0] AndroidManifest.xml:26:9-31:39
264            android:name="com.google.firebase.provider.FirebaseInitProvider"
264-->[com.google.firebase:firebase-common:19.5.0] AndroidManifest.xml:27:13-77
265            android:authorities="com.thealphamerc.flutter_twitter_clone.firebaseinitprovider"
265-->[com.google.firebase:firebase-common:19.5.0] AndroidManifest.xml:28:13-72
266            android:directBootAware="true"
266-->[com.google.firebase:firebase-common:19.5.0] AndroidManifest.xml:29:13-43
267            android:exported="false"
267-->[com.google.firebase:firebase-common:19.5.0] AndroidManifest.xml:30:13-37
268            android:initOrder="100" />
268-->[com.google.firebase:firebase-common:19.5.0] AndroidManifest.xml:31:13-36
269
270        <receiver
270-->[com.google.android.gms:play-services-measurement:18.0.0] AndroidManifest.xml:29:9-33:20
271            android:name="com.google.android.gms.measurement.AppMeasurementReceiver"
271-->[com.google.android.gms:play-services-measurement:18.0.0] AndroidManifest.xml:30:13-85
272            android:enabled="true"
272-->[com.google.android.gms:play-services-measurement:18.0.0] AndroidManifest.xml:31:13-35
273            android:exported="false" >
273-->[com.google.android.gms:play-services-measurement:18.0.0] AndroidManifest.xml:32:13-37